[2019-10-17 07:29:10] db_update.INFO: Areas were successfully updated, affected 25 rows, deleted 0 rows [] []
[2019-10-17 07:29:15] db_update.INFO: Cities were successfully updated, affected 3530 rows, deleted 0 rows [] []
[2019-10-17 07:29:20] db_update.INFO: Warehouses were successfully updated, affected 5559 rows, deleted 0 rows [] []
[2019-10-17 07:29:29] db_update.INFO: Areas were successfully updated, affected 25 rows, deleted 0 rows [] []
[2019-10-17 07:29:31] db_update.INFO: Cities were successfully updated, affected 3530 rows, deleted 0 rows [] []
[2019-10-17 07:29:38] db_update.INFO: Warehouses were successfully updated, affected 5559 rows, deleted 0 rows [] []
[2019-10-17 07:29:38] db_update.INFO: Areas were successfully updated, affected 25 rows, deleted 0 rows [] []
[2019-10-17 07:29:40] db_update.INFO: Cities were successfully updated, affected 3530 rows, deleted 0 rows [] []
[2019-10-17 07:29:45] db_update.INFO: Warehouses were successfully updated, affected 5559 rows, deleted 0 rows [] []
[2019-10-17 07:34:20] db_update.INFO: Areas were successfully updated, affected 25 rows, deleted 0 rows [] []
[2019-10-17 07:34:23] db_update.INFO: Cities were successfully updated, affected 3530 rows, deleted 0 rows [] []
[2019-10-17 07:34:29] db_update.INFO: Warehouses were successfully updated, affected 5559 rows, deleted 0 rows [] []
[2019-10-17 07:34:29] db_update.INFO: Areas were successfully updated, affected 25 rows, deleted 0 rows [] []
[2019-10-17 07:34:32] db_update.INFO: Cities were successfully updated, affected 3530 rows, deleted 0 rows [] []
[2019-10-17 07:34:36] db_update.INFO: Warehouses were successfully updated, affected 5559 rows, deleted 0 rows [] []
[2019-10-17 07:47:40] db_update.INFO: Areas were successfully updated, affected 25 rows, deleted 0 rows [] []
[2019-10-17 07:47:41] db_update.INFO: Cities were successfully updated, affected 3530 rows, deleted 0 rows [] []
[2019-10-17 07:47:48] db_update.INFO: Warehouses were successfully updated, affected 5559 rows, deleted 0 rows [] []
[2019-10-17 07:47:48] db_update.INFO: Areas were successfully updated, affected 25 rows, deleted 0 rows [] []
[2019-10-17 07:47:50] db_update.INFO: Cities were successfully updated, affected 3530 rows, deleted 0 rows [] []
[2019-10-17 07:47:55] db_update.INFO: Warehouses were successfully updated, affected 5559 rows, deleted 0 rows [] []
[2019-10-17 07:53:25] db_update.INFO: Areas were successfully updated, affected 25 rows, deleted 0 rows [] []
[2019-10-17 07:53:26] db_update.INFO: Cities were successfully updated, affected 3530 rows, deleted 0 rows [] []
[2019-10-17 07:53:31] db_update.INFO: Warehouses were successfully updated, affected 0 rows, deleted  rows [] []
[2019-10-17 07:53:31] db_update.INFO: Areas were successfully updated, affected 25 rows, deleted 0 rows [] []
[2019-10-17 07:53:33] db_update.INFO: Cities were successfully updated, affected 3530 rows, deleted 0 rows [] []
[2019-10-17 07:53:38] db_update.INFO: Warehouses were successfully updated, affected 5559 rows, deleted 0 rows [] []
[2019-10-17 10:57:52] db_update.INFO: Areas were successfully updated, affected 25 rows, deleted 0 rows [] []
[2019-10-17 10:57:56] db_update.INFO: Cities were successfully updated, affected 3543 rows, deleted 0 rows [] []
[2019-10-17 10:58:03] db_update.INFO: Warehouses were successfully updated, affected 5559 rows, deleted 0 rows [] []
[2019-10-18 12:19:29] db_update.INFO: Areas were successfully updated, affected 50 rows, deleted 0 rows [] []
[2019-10-18 12:19:29] db_update.INFO: Areas were successfully updated, affected 0 rows, deleted 0 rows [] []
[2019-10-18 12:19:34] db_update.INFO: Cities were successfully updated, affected 5909 rows, deleted 0 rows [] []
[2019-10-18 12:19:34] db_update.INFO: Cities were successfully updated, affected 1198 rows, deleted 0 rows [] []
[2019-10-18 12:19:38] db_update.INFO: Warehouses were successfully updated, affected 11136 rows, deleted 1 rows [] []
[2019-10-18 12:19:40] db_update.INFO: Warehouses were successfully updated, affected 0 rows, deleted 0 rows [] []
[2019-10-18 12:56:33] db_update.INFO: Areas were successfully updated, affected 25 rows, deleted 0 rows [] []
[2019-10-18 12:56:40] db_update.INFO: Cities were successfully updated, affected 3564 rows, deleted 0 rows [] []
[2019-10-18 12:56:45] db_update.INFO: Warehouses were successfully updated, affected 0 rows, deleted  rows [] []
[2019-10-18 12:56:45] db_update.INFO: Areas were successfully updated, affected 25 rows, deleted 0 rows [] []
[2019-10-18 12:56:46] db_update.INFO: Cities were successfully updated, affected 3564 rows, deleted 0 rows [] []
[2019-10-18 12:56:52] db_update.INFO: Warehouses were successfully updated, affected 5580 rows, deleted 0 rows [] []
[2019-10-19 12:56:50] db_update.INFO: Areas were successfully updated, affected 50 rows, deleted 0 rows [] []
[2019-10-19 12:56:54] db_update.INFO: Cities were successfully updated, affected 7128 rows, deleted 0 rows [] []
[2019-10-19 12:56:56] db_update.INFO: Areas were successfully updated, affected 50 rows, deleted 0 rows [] []
[2019-10-19 12:56:58] db_update.INFO: Cities were successfully updated, affected 7128 rows, deleted 0 rows [] []
[2019-10-19 12:56:59] db_update.INFO: Warehouses were successfully updated, affected 11171 rows, deleted 0 rows [] []
[2019-10-19 12:57:05] db_update.INFO: Warehouses were successfully updated, affected 11182 rows, deleted 0 rows [] []
[2019-10-21 06:43:53] db_update.INFO: Areas were successfully updated, affected 50 rows, deleted 0 rows [] []
[2019-10-21 06:43:58] db_update.INFO: Cities were successfully updated, affected 7128 rows, deleted 0 rows [] []
[2019-10-21 06:44:04] db_update.INFO: Warehouses were successfully updated, affected 11182 rows, deleted 0 rows [] []
[2019-10-22 08:36:11] db_update.INFO: Areas were successfully updated, affected 50 rows, deleted 0 rows [] []
[2019-10-22 08:36:15] db_update.INFO: Cities were successfully updated, affected 7131 rows, deleted 0 rows [] []
[2019-10-22 08:36:22] db_update.INFO: Warehouses were successfully updated, affected 11194 rows, deleted 0 rows [] []
[2019-10-22 21:23:40] db_update.INFO: Areas were successfully updated, affected 25 rows, deleted 0 rows [] []
[2019-10-22 21:23:44] db_update.INFO: Cities were successfully updated, affected 3568 rows, deleted 0 rows [] []
[2019-10-22 21:23:48] db_update.INFO: Warehouses were successfully updated, affected 5598 rows, deleted 0 rows [] []
[2019-10-23 09:55:49] db_update.INFO: Areas were successfully updated, affected 25 rows, deleted 0 rows [] []
[2019-10-23 09:55:54] db_update.INFO: Cities were successfully updated, affected 3583 rows, deleted 0 rows [] []
[2019-10-23 09:55:59] db_update.INFO: Warehouses were successfully updated, affected 0 rows, deleted  rows [] []
[2019-10-23 09:56:00] db_update.INFO: Areas were successfully updated, affected 25 rows, deleted 0 rows [] []
[2019-10-23 09:56:01] db_update.INFO: Cities were successfully updated, affected 3583 rows, deleted 0 rows [] []
[2019-10-23 09:56:07] db_update.INFO: Warehouses were successfully updated, affected 5607 rows, deleted 0 rows [] []
[2019-10-26 12:47:05] db_update.INFO: Areas were successfully updated, affected 25 rows, deleted 0 rows [] []
[2019-10-26 12:47:07] db_update.INFO: Cities were successfully updated, affected 3623 rows, deleted 0 rows [] []
[2019-10-26 12:47:16] db_update.INFO: Warehouses were successfully updated, affected 5640 rows, deleted 0 rows [] []
[2019-10-30 12:09:43] db_update.INFO: Areas were successfully updated, affected 25 rows, deleted 0 rows [] []
[2019-10-30 12:09:49] db_update.INFO: Cities were successfully updated, affected 3762 rows, deleted 0 rows [] []
[2019-10-30 12:09:54] db_update.INFO: Warehouses were successfully updated, affected 5712 rows, deleted 0 rows [] []
[2019-10-30 12:09:55] db_update.INFO: Areas were successfully updated, affected 25 rows, deleted 0 rows [] []
[2019-10-30 12:09:57] db_update.INFO: Cities were successfully updated, affected 3762 rows, deleted 0 rows [] []
[2019-10-30 12:10:02] db_update.INFO: Warehouses were successfully updated, affected 5712 rows, deleted 0 rows [] []
[2019-10-31 09:30:33] db_update.INFO: Areas were successfully updated, affected 25 rows, deleted 0 rows [] []
[2019-10-31 09:30:40] db_update.INFO: Cities were successfully updated, affected 3813 rows, deleted 0 rows [] []
[2019-10-31 09:30:47] db_update.INFO: Warehouses were successfully updated, affected 5756 rows, deleted 0 rows [] []
[2019-10-31 09:30:47] db_update.INFO: Areas were successfully updated, affected 25 rows, deleted 0 rows [] []
[2019-10-31 09:30:50] db_update.INFO: Cities were successfully updated, affected 3813 rows, deleted 0 rows [] []
[2019-10-31 09:30:57] db_update.INFO: Warehouses were successfully updated, affected 5756 rows, deleted 0 rows [] []
[2019-11-01 05:50:07] db_update.INFO: Areas were successfully updated, affected 25 rows, deleted 0 rows [] []
[2019-11-01 05:50:11] db_update.INFO: Cities were successfully updated, affected 3845 rows, deleted 0 rows [] []
[2019-11-01 05:50:18] db_update.INFO: Warehouses were successfully updated, affected 5793 rows, deleted 0 rows [] []
[2019-11-01 05:50:18] db_update.INFO: Areas were successfully updated, affected 25 rows, deleted 0 rows [] []
[2019-11-01 05:50:21] db_update.INFO: Cities were successfully updated, affected 3845 rows, deleted 0 rows [] []
[2019-11-01 05:50:27] db_update.INFO: Warehouses were successfully updated, affected 5793 rows, deleted 0 rows [] []
[2019-11-01 12:07:02] db_update.INFO: Areas were successfully updated, affected 25 rows, deleted 0 rows [] []
[2019-11-01 12:07:09] db_update.INFO: Cities were successfully updated, affected 3849 rows, deleted 0 rows [] []
[2019-11-01 12:07:16] db_update.INFO: Warehouses were successfully updated, affected 5810 rows, deleted 0 rows [] []
[2019-11-02 07:48:19] db_update.INFO: Areas were successfully updated, affected 25 rows, deleted 0 rows [] []
[2019-11-02 07:48:25] db_update.INFO: Cities were successfully updated, affected 3852 rows, deleted 0 rows [] []
[2019-11-02 07:48:30] db_update.INFO: Warehouses were successfully updated, affected 5828 rows, deleted 0 rows [] []
[2019-11-02 07:48:31] db_update.INFO: Areas were successfully updated, affected 25 rows, deleted 0 rows [] []
[2019-11-02 07:48:33] db_update.INFO: Cities were successfully updated, affected 3852 rows, deleted 0 rows [] []
[2019-11-02 07:48:41] db_update.INFO: Warehouses were successfully updated, affected 5828 rows, deleted 0 rows [] []
[2019-11-05 07:00:00] db_update.INFO: Areas were successfully updated, affected 25 rows, deleted 0 rows [] []
[2019-11-05 07:00:01] db_update.INFO: Cities were successfully updated, affected 3855 rows, deleted 0 rows [] []
[2019-11-05 07:00:09] db_update.INFO: Warehouses were successfully updated, affected 5855 rows, deleted 0 rows [] []
[2019-11-05 07:00:10] db_update.INFO: Areas were successfully updated, affected 25 rows, deleted 0 rows [] []
[2019-11-05 07:00:12] db_update.INFO: Cities were successfully updated, affected 3855 rows, deleted 0 rows [] []
[2019-11-05 07:00:20] db_update.INFO: Warehouses were successfully updated, affected 5855 rows, deleted 0 rows [] []
[2019-11-05 11:36:50] db_update.INFO: Areas were successfully updated, affected 25 rows, deleted 0 rows [] []
[2019-11-05 11:36:59] db_update.INFO: Cities were successfully updated, affected 3853 rows, deleted 0 rows [] []
[2019-11-05 11:37:05] db_update.INFO: Warehouses were successfully updated, affected 0 rows, deleted  rows [] []
[2019-11-05 11:37:06] db_update.INFO: Areas were successfully updated, affected 25 rows, deleted 0 rows [] []
[2019-11-05 11:37:08] db_update.INFO: Cities were successfully updated, affected 3853 rows, deleted 0 rows [] []
[2019-11-05 11:37:15] db_update.INFO: Warehouses were successfully updated, affected 5859 rows, deleted 0 rows [] []
[2019-11-06 12:34:44] db_update.INFO: Areas were successfully updated, affected 50 rows, deleted 0 rows [] []
[2019-11-06 12:34:50] db_update.INFO: Cities were successfully updated, affected 7704 rows, deleted 1 rows [] []
[2019-11-06 12:34:54] db_update.INFO: Areas were successfully updated, affected 50 rows, deleted 0 rows [] []
[2019-11-06 12:34:56] db_update.INFO: Cities were successfully updated, affected 7704 rows, deleted 0 rows [] []
[2019-11-06 12:34:57] db_update.INFO: Warehouses were successfully updated, affected 11748 rows, deleted 0 rows [] []
[2019-11-06 12:35:04] db_update.INFO: Warehouses were successfully updated, affected 11778 rows, deleted 0 rows [] []
[2019-11-07 12:54:31] db_update.INFO: Areas were successfully updated, affected 50 rows, deleted 0 rows [] []
[2019-11-07 12:54:34] db_update.INFO: Cities were successfully updated, affected 7704 rows, deleted 1 rows [] []
[2019-11-07 12:54:43] db_update.INFO: Warehouses were successfully updated, affected 11776 rows, deleted 4 rows [] []
[2019-11-08 09:56:33] db_update.INFO: Areas were successfully updated, affected 25 rows, deleted 0 rows [] []
[2019-11-08 09:56:35] db_update.INFO: Cities were successfully updated, affected 3853 rows, deleted 0 rows [] []
[2019-11-08 09:56:43] db_update.INFO: Warehouses were successfully updated, affected 0 rows, deleted  rows [] []
[2019-11-08 09:56:43] db_update.INFO: Areas were successfully updated, affected 25 rows, deleted 0 rows [] []
[2019-11-08 09:56:45] db_update.INFO: Cities were successfully updated, affected 3853 rows, deleted 0 rows [] []
[2019-11-08 09:56:53] db_update.INFO: Warehouses were successfully updated, affected 5893 rows, deleted 0 rows [] []
[2019-11-09 11:59:09] db_update.INFO: Areas were successfully updated, affected 50 rows, deleted 0 rows [] []
[2019-11-09 11:59:11] db_update.INFO: Cities were successfully updated, affected 7706 rows, deleted 0 rows [] []
[2019-11-09 11:59:18] db_update.INFO: Warehouses were successfully updated, affected 11788 rows, deleted 0 rows [] []
[2019-11-11 08:54:25] db_update.INFO: Areas were successfully updated, affected 50 rows, deleted 0 rows [] []
[2019-11-11 08:54:28] db_update.INFO: Cities were successfully updated, affected 7706 rows, deleted 0 rows [] []
[2019-11-11 08:54:35] db_update.INFO: Warehouses were successfully updated, affected 11790 rows, deleted 1 rows [] []
[2019-11-12 08:54:37] db_update.INFO: Areas were successfully updated, affected 50 rows, deleted 0 rows [] []
[2019-11-12 08:54:38] db_update.INFO: Cities were successfully updated, affected 7715 rows, deleted 1 rows [] []
[2019-11-12 08:54:43] db_update.INFO: Areas were successfully updated, affected 50 rows, deleted 0 rows [] []
[2019-11-12 08:54:43] db_update.INFO: Areas were successfully updated, affected 0 rows, deleted 0 rows [] []
[2019-11-12 08:54:45] db_update.INFO: Warehouses were successfully updated, affected 11796 rows, deleted 3 rows [] []
[2019-11-12 08:54:46] db_update.INFO: Cities were successfully updated, affected 7126 rows, deleted 0 rows [] []
[2019-11-12 08:54:48] db_update.INFO: Cities were successfully updated, affected 600 rows, deleted 0 rows [] []
[2019-11-12 08:54:53] db_update.INFO: Warehouses were successfully updated, affected 11806 rows, deleted 0 rows [] []
[2019-11-12 08:54:54] db_update.INFO: Warehouses were successfully updated, affected 0 rows, deleted 0 rows [] []
[2019-11-13 09:51:31] db_update.INFO: Areas were successfully updated, affected 50 rows, deleted 0 rows [] []
[2019-11-13 09:51:33] db_update.INFO: Cities were successfully updated, affected 7760 rows, deleted 2 rows [] []
[2019-11-13 09:51:39] db_update.INFO: Areas were successfully updated, affected 50 rows, deleted 0 rows [] []
[2019-11-13 09:51:42] db_update.INFO: Warehouses were successfully updated, affected 11828 rows, deleted 2 rows [] []
[2019-11-13 09:51:43] db_update.INFO: Cities were successfully updated, affected 7798 rows, deleted 0 rows [] []
[2019-11-13 09:51:58] db_update.INFO: Warehouses were successfully updated, affected 11854 rows, deleted 0 rows [] []
[2019-11-14 10:34:17] db_update.INFO: Areas were successfully updated, affected 50 rows, deleted 0 rows [] []
[2019-11-14 10:34:21] db_update.INFO: Cities were successfully updated, affected 7798 rows, deleted 0 rows [] []
[2019-11-14 10:34:35] db_update.INFO: Warehouses were successfully updated, affected 11871 rows, deleted 0 rows [] []
[2019-11-15 10:47:01] db_update.INFO: Areas were successfully updated, affected 50 rows, deleted 0 rows [] []
[2019-11-15 10:47:05] db_update.INFO: Cities were successfully updated, affected 7798 rows, deleted 1 rows [] []
[2019-11-15 10:47:14] db_update.INFO: Warehouses were successfully updated, affected 11893 rows, deleted 1 rows [] []
[2019-11-17 10:18:33] db_update.INFO: Areas were successfully updated, affected 50 rows, deleted 0 rows [] []
[2019-11-17 10:18:36] db_update.INFO: Cities were successfully updated, affected 7800 rows, deleted 0 rows [] []
[2019-11-17 10:18:44] db_update.INFO: Warehouses were successfully updated, affected 11906 rows, deleted 0 rows [] []
[2019-11-18 10:19:04] db_update.INFO: Areas were successfully updated, affected 50 rows, deleted 0 rows [] []
[2019-11-18 10:19:06] db_update.INFO: Cities were successfully updated, affected 7800 rows, deleted 0 rows [] []
[2019-11-18 10:19:10] db_update.INFO: Warehouses were successfully updated, affected 11912 rows, deleted 1 rows [] []
[2019-11-19 10:19:52] db_update.INFO: Areas were successfully updated, affected 50 rows, deleted 0 rows [] []
[2019-11-19 10:19:54] db_update.INFO: Cities were successfully updated, affected 7800 rows, deleted 1 rows [] []
[2019-11-19 10:19:59] db_update.INFO: Warehouses were successfully updated, affected 11914 rows, deleted 1 rows [] []
[2019-11-20 10:19:56] db_update.INFO: Areas were successfully updated, affected 50 rows, deleted 0 rows [] []
[2019-11-20 10:19:58] db_update.INFO: Cities were successfully updated, affected 7811 rows, deleted 1 rows [] []
[2019-11-20 10:20:02] db_update.INFO: Warehouses were successfully updated, affected 11917 rows, deleted 2 rows [] []
[2019-11-21 10:28:42] db_update.INFO: Areas were successfully updated, affected 50 rows, deleted 0 rows [] []
[2019-11-21 10:28:43] db_update.INFO: Cities were successfully updated, affected 7845 rows, deleted 0 rows [] []
[2019-11-21 10:28:44] db_update.INFO: Areas were successfully updated, affected 50 rows, deleted 0 rows [] []
[2019-11-21 10:28:49] db_update.INFO: Cities were successfully updated, affected 7868 rows, deleted 0 rows [] []
[2019-11-21 10:28:50] db_update.INFO: Warehouses were successfully updated, affected 11949 rows, deleted 0 rows [] []
[2019-11-21 10:28:58] db_update.INFO: Warehouses were successfully updated, affected 11976 rows, deleted 0 rows [] []
[2019-11-23 08:59:23] db_update.INFO: Areas were successfully updated, affected 25 rows, deleted 0 rows [] []
[2019-11-23 08:59:24] db_update.INFO: Cities were successfully updated, affected 3935 rows, deleted 0 rows [] []
[2019-11-23 08:59:29] db_update.INFO: Warehouses were successfully updated, affected 5997 rows, deleted 0 rows [] []
[2019-11-24 08:59:38] db_update.INFO: Areas were successfully updated, affected 50 rows, deleted 0 rows [] []
[2019-11-24 08:59:40] db_update.INFO: Cities were successfully updated, affected 7870 rows, deleted 0 rows [] []
[2019-11-24 08:59:44] db_update.INFO: Warehouses were successfully updated, affected 11995 rows, deleted 0 rows [] []
[2019-11-25 08:28:50] db_update.INFO: Areas were successfully updated, affected 25 rows, deleted 0 rows [] []
[2019-11-25 08:28:51] db_update.INFO: Cities were successfully updated, affected 3935 rows, deleted 0 rows [] []
[2019-11-25 08:28:56] db_update.INFO: Warehouses were successfully updated, affected 6002 rows, deleted 0 rows [] []
[2019-11-26 08:55:04] db_update.INFO: Areas were successfully updated, affected 50 rows, deleted 0 rows [] []
[2019-11-26 08:55:05] db_update.INFO: Cities were successfully updated, affected 7926 rows, deleted 0 rows [] []
[2019-11-26 08:55:10] db_update.INFO: Warehouses were successfully updated, affected 12034 rows, deleted 2 rows [] []
[2019-11-27 10:43:11] db_update.INFO: Areas were successfully updated, affected 50 rows, deleted 0 rows [] []
[2019-11-27 10:43:12] db_update.INFO: Cities were successfully updated, affected 7983 rows, deleted 0 rows [] []
[2019-11-27 10:43:14] db_update.INFO: Areas were successfully updated, affected 50 rows, deleted 0 rows [] []
[2019-11-27 10:43:16] db_update.INFO: Cities were successfully updated, affected 7984 rows, deleted 0 rows [] []
[2019-11-27 10:43:18] db_update.INFO: Warehouses were successfully updated, affected 12083 rows, deleted 0 rows [] []
[2019-11-27 10:43:21] db_update.INFO: Warehouses were successfully updated, affected 12098 rows, deleted 0 rows [] []
[2019-11-28 17:00:37] db_update.INFO: Areas were successfully updated, affected 50 rows, deleted 0 rows [] []
[2019-11-28 17:00:39] db_update.INFO: Cities were successfully updated, affected 8080 rows, deleted 0 rows [] []
[2019-11-28 17:00:43] db_update.INFO: Areas were successfully updated, affected 50 rows, deleted 0 rows [] []
[2019-11-28 17:00:45] db_update.INFO: Cities were successfully updated, affected 8176 rows, deleted 0 rows [] []
[2019-11-28 17:00:45] db_update.INFO: Warehouses were successfully updated, affected 12153 rows, deleted 0 rows [] []
[2019-11-28 17:00:51] db_update.INFO: Warehouses were successfully updated, affected 12208 rows, deleted 0 rows [] []
[2019-11-29 21:47:36] db_update.INFO: Areas were successfully updated, affected 50 rows, deleted 0 rows [] []
[2019-11-29 21:47:38] db_update.INFO: Cities were successfully updated, affected 8242 rows, deleted 0 rows [] []
[2019-11-29 21:47:42] db_update.INFO: Warehouses were successfully updated, affected 12213 rows, deleted 1 rows [] []
[2019-12-01 06:30:15] db_update.INFO: Areas were successfully updated, affected 50 rows, deleted 0 rows [] []
[2019-12-01 06:30:17] db_update.INFO: Cities were successfully updated, affected 8308 rows, deleted 0 rows [] []
[2019-12-01 06:30:21] db_update.INFO: Warehouses were successfully updated, affected 12220 rows, deleted 0 rows [] []
[2019-12-02 06:51:52] db_update.INFO: Areas were successfully updated, affected 50 rows, deleted 0 rows [] []
[2019-12-02 06:51:53] db_update.INFO: Cities were successfully updated, affected 8308 rows, deleted 0 rows [] []
[2019-12-02 06:51:53] db_update.INFO: Areas were successfully updated, affected 50 rows, deleted 0 rows [] []
[2019-12-02 06:51:55] db_update.INFO: Cities were successfully updated, affected 8308 rows, deleted 0 rows [] []
[2019-12-02 06:51:58] db_update.INFO: Warehouses were successfully updated, affected 12221 rows, deleted 0 rows [] []
[2019-12-02 06:51:59] db_update.INFO: Warehouses were successfully updated, affected 12222 rows, deleted 0 rows [] []
[2019-12-03 09:23:21] db_update.INFO: Areas were successfully updated, affected 50 rows, deleted 0 rows [] []
[2019-12-03 09:23:23] db_update.INFO: Cities were successfully updated, affected 8310 rows, deleted 0 rows [] []
[2019-12-03 09:23:31] db_update.INFO: Warehouses were successfully updated, affected 12319 rows, deleted 1 rows [] []
[2019-12-03 09:56:04] db_update.INFO: Areas were successfully updated, affected 25 rows, deleted 0 rows [] []
[2019-12-03 09:56:05] db_update.INFO: Cities were successfully updated, affected 4155 rows, deleted 0 rows [] []
[2019-12-03 09:56:11] db_update.INFO: Warehouses were successfully updated, affected 6209 rows, deleted 0 rows [] []
[2019-12-03 21:49:50] db_update.INFO: Areas were successfully updated, affected 25 rows, deleted 0 rows [] []
[2019-12-03 21:49:51] db_update.INFO: Cities were successfully updated, affected 4155 rows, deleted 0 rows [] []
[2019-12-03 21:49:57] db_update.INFO: Warehouses were successfully updated, affected 6163 rows, deleted 0 rows [] []
[2019-12-04 21:51:05] db_update.INFO: Areas were successfully updated, affected 50 rows, deleted 0 rows [] []
[2019-12-04 21:51:07] db_update.INFO: Cities were successfully updated, affected 8298 rows, deleted 6 rows [] []
[2019-12-04 21:51:11] db_update.INFO: Warehouses were successfully updated, affected 12358 rows, deleted 8 rows [] []
[2019-12-05 21:51:21] db_update.INFO: Areas were successfully updated, affected 50 rows, deleted 0 rows [] []
[2019-12-05 21:51:23] db_update.INFO: Cities were successfully updated, affected 8298 rows, deleted 0 rows [] []
[2019-12-05 21:51:28] db_update.INFO: Warehouses were successfully updated, affected 12408 rows, deleted 1 rows [] []
[2019-12-06 21:58:28] db_update.INFO: Areas were successfully updated, affected 50 rows, deleted 0 rows [] []
[2019-12-06 21:58:29] db_update.INFO: Areas were successfully updated, affected 50 rows, deleted 0 rows [] []
[2019-12-06 21:58:31] db_update.INFO: Cities were successfully updated, affected 8298 rows, deleted 0 rows [] []
[2019-12-06 21:58:32] db_update.INFO: Cities were successfully updated, affected 8298 rows, deleted 0 rows [] []
[2019-12-06 21:58:35] db_update.INFO: Warehouses were successfully updated, affected 12339 rows, deleted 1714 rows [] []
[2019-12-06 21:58:35] db_update.INFO: Warehouses were successfully updated, affected 12337 rows, deleted 0 rows [] []
[2019-12-09 06:34:03] db_update.INFO: Areas were successfully updated, affected 50 rows, deleted 0 rows [] []
[2019-12-09 06:34:04] db_update.INFO: Areas were successfully updated, affected 50 rows, deleted 0 rows [] []
[2019-12-09 06:34:05] db_update.INFO: Cities were successfully updated, affected 8298 rows, deleted 0 rows [] []
[2019-12-09 06:34:05] db_update.INFO: Cities were successfully updated, affected 8298 rows, deleted 0 rows [] []
[2019-12-09 06:34:10] db_update.INFO: Warehouses were successfully updated, affected 10522 rows, deleted 0 rows [] []
[2019-12-09 06:34:10] db_update.INFO: Warehouses were successfully updated, affected 12044 rows, deleted 0 rows [] []
[2019-12-10 09:01:23] db_update.INFO: Areas were successfully updated, affected 50 rows, deleted 0 rows [] []
[2019-12-10 09:01:25] db_update.INFO: Cities were successfully updated, affected 8302 rows, deleted 0 rows [] []
[2019-12-10 09:01:33] db_update.INFO: Warehouses were successfully updated, affected 12051 rows, deleted 2 rows [] []
[2019-12-11 10:41:47] db_update.INFO: Areas were successfully updated, affected 50 rows, deleted 0 rows [] []
[2019-12-11 10:41:50] db_update.INFO: Cities were successfully updated, affected 8306 rows, deleted 0 rows [] []
[2019-12-11 10:41:57] db_update.INFO: Warehouses were successfully updated, affected 12060 rows, deleted 10 rows [] []
[2019-12-12 10:49:15] db_update.INFO: Areas were successfully updated, affected 50 rows, deleted 0 rows [] []
[2019-12-12 10:49:16] db_update.INFO: Cities were successfully updated, affected 8309 rows, deleted 0 rows [] []
[2019-12-12 10:49:22] db_update.INFO: Warehouses were successfully updated, affected 12084 rows, deleted 3 rows [] []
[2019-12-13 19:49:54] db_update.INFO: Areas were successfully updated, affected 50 rows, deleted 0 rows [] []
[2019-12-13 19:49:55] db_update.INFO: Cities were successfully updated, affected 8308 rows, deleted 3 rows [] []
[2019-12-13 19:49:59] db_update.INFO: Warehouses were successfully updated, affected 12100 rows, deleted 2 rows [] []
[2019-12-15 11:26:53] db_update.INFO: Areas were successfully updated, affected 50 rows, deleted 0 rows [] []
[2019-12-15 11:26:58] db_update.INFO: Cities were successfully updated, affected 8310 rows, deleted 0 rows [] []
[2019-12-15 11:27:03] db_update.INFO: Warehouses were successfully updated, affected 12108 rows, deleted 0 rows [] []
[2019-12-15 15:52:46] db_update.INFO: Areas were successfully updated, affected 25 rows, deleted 0 rows [] []
[2019-12-15 15:52:51] db_update.INFO: Cities were successfully updated, affected 4155 rows, deleted 0 rows [] []
[2019-12-15 15:52:56] db_update.INFO: Warehouses were successfully updated, affected 6054 rows, deleted 0 rows [] []
[2019-12-15 15:52:57] db_update.INFO: Areas were successfully updated, affected 25 rows, deleted 0 rows [] []
[2019-12-15 15:53:01] db_update.INFO: Cities were successfully updated, affected 4155 rows, deleted 0 rows [] []
[2019-12-15 15:53:05] db_update.INFO: Warehouses were successfully updated, affected 0 rows, deleted  rows [] []
[2019-12-15 15:53:05] db_update.INFO: Areas were successfully updated, affected 25 rows, deleted 0 rows [] []
[2019-12-15 15:53:09] db_update.INFO: Cities were successfully updated, affected 4155 rows, deleted 0 rows [] []
[2019-12-15 15:53:14] db_update.INFO: Warehouses were successfully updated, affected 6054 rows, deleted 0 rows [] []
[2019-12-15 16:11:36] db_update.INFO: Areas were successfully updated, affected 25 rows, deleted 0 rows [] []
[2019-12-15 16:11:40] db_update.INFO: Cities were successfully updated, affected 4155 rows, deleted 0 rows [] []
[2019-12-15 16:11:45] db_update.INFO: Warehouses were successfully updated, affected 6054 rows, deleted 0 rows [] []
[2019-12-15 16:12:57] db_update.INFO: Areas were successfully updated, affected 25 rows, deleted 0 rows [] []
[2019-12-15 16:13:01] db_update.INFO: Cities were successfully updated, affected 4155 rows, deleted 0 rows [] []
[2019-12-15 16:13:06] db_update.INFO: Warehouses were successfully updated, affected 6054 rows, deleted 0 rows [] []
[2019-12-15 16:16:49] db_update.INFO: Areas were successfully updated, affected 25 rows, deleted 0 rows [] []
[2019-12-15 16:16:53] db_update.INFO: Cities were successfully updated, affected 4155 rows, deleted 0 rows [] []
[2019-12-15 16:16:58] db_update.INFO: Warehouses were successfully updated, affected 6054 rows, deleted 0 rows [] []
[2019-12-16 08:54:15] db_update.INFO: Areas were successfully updated, affected 25 rows, deleted 0 rows [] []
[2019-12-16 08:54:21] db_update.INFO: Cities were successfully updated, affected 4155 rows, deleted 0 rows [] []
[2019-12-16 08:54:28] db_update.INFO: Warehouses were successfully updated, affected 6039 rows, deleted 0 rows [] []
[2019-12-17 08:55:21] db_update.INFO: Areas were successfully updated, affected 50 rows, deleted 0 rows [] []
[2019-12-17 08:55:27] db_update.INFO: Cities were successfully updated, affected 8318 rows, deleted 0 rows [] []
[2019-12-17 08:55:34] db_update.INFO: Warehouses were successfully updated, affected 11833 rows, deleted 127 rows [] []
[2019-12-18 07:55:10] db_update.INFO: Areas were successfully updated, affected 25 rows, deleted 0 rows [] []
[2019-12-18 07:55:18] db_update.INFO: Cities were successfully updated, affected 0 rows, deleted  rows [] []
[2019-12-18 07:55:24] db_update.INFO: Warehouses were successfully updated, affected 5921 rows, deleted 0 rows [] []
[2019-12-18 07:59:22] db_update.INFO: Areas were successfully updated, affected 25 rows, deleted 0 rows [] []
[2019-12-18 07:59:30] db_update.INFO: Cities were successfully updated, affected 4160 rows, deleted 0 rows [] []
[2019-12-18 07:59:35] db_update.INFO: Warehouses were successfully updated, affected 5921 rows, deleted 0 rows [] []
[2019-12-18 08:00:06] db_update.INFO: Areas were successfully updated, affected 25 rows, deleted 0 rows [] []
[2019-12-18 08:00:12] db_update.INFO: Cities were successfully updated, affected 4160 rows, deleted 0 rows [] []
[2019-12-18 08:00:18] db_update.INFO: Warehouses were successfully updated, affected 5921 rows, deleted 0 rows [] []
[2019-12-18 08:02:33] db_update.INFO: Areas were successfully updated, affected 25 rows, deleted 0 rows [] []
[2019-12-18 08:02:39] db_update.INFO: Cities were successfully updated, affected 4160 rows, deleted 0 rows [] []
[2019-12-18 08:02:44] db_update.INFO: Warehouses were successfully updated, affected 5921 rows, deleted 0 rows [] []
[2019-12-18 08:02:57] db_update.INFO: Areas were successfully updated, affected 25 rows, deleted 0 rows [] []
[2019-12-18 08:03:02] db_update.INFO: Cities were successfully updated, affected 4160 rows, deleted 0 rows [] []
[2019-12-18 08:03:08] db_update.INFO: Warehouses were successfully updated, affected 5921 rows, deleted 0 rows [] []
[2019-12-18 08:03:41] db_update.INFO: Areas were successfully updated, affected 25 rows, deleted 0 rows [] []
[2019-12-18 08:03:47] db_update.INFO: Cities were successfully updated, affected 4160 rows, deleted 0 rows [] []
[2019-12-18 08:03:52] db_update.INFO: Warehouses were successfully updated, affected 5921 rows, deleted 0 rows [] []
[2019-12-18 08:06:04] db_update.INFO: Areas were successfully updated, affected 25 rows, deleted 0 rows [] []
[2019-12-18 08:06:09] db_update.INFO: Cities were successfully updated, affected 4160 rows, deleted 0 rows [] []
[2019-12-18 08:06:14] db_update.INFO: Warehouses were successfully updated, affected 5921 rows, deleted 0 rows [] []
[2019-12-18 09:06:46] db_update.INFO: Areas were successfully updated, affected 25 rows, deleted 0 rows [] []
[2019-12-18 09:06:52] db_update.INFO: Cities were successfully updated, affected 4160 rows, deleted 0 rows [] []
[2019-12-18 09:06:57] db_update.INFO: Warehouses were successfully updated, affected 5922 rows, deleted 0 rows [] []
[2019-12-18 09:07:55] db_update.INFO: Areas were successfully updated, affected 25 rows, deleted 0 rows [] []
[2019-12-18 09:08:02] db_update.INFO: Cities were successfully updated, affected 4160 rows, deleted 0 rows [] []
[2019-12-18 09:08:08] db_update.INFO: Warehouses were successfully updated, affected 5922 rows, deleted 0 rows [] []
[2019-12-18 09:09:57] db_update.INFO: Areas were successfully updated, affected 25 rows, deleted 0 rows [] []
[2019-12-18 09:10:04] db_update.INFO: Cities were successfully updated, affected 4160 rows, deleted 0 rows [] []
[2019-12-18 09:10:14] db_update.INFO: Warehouses were successfully updated, affected 5922 rows, deleted 0 rows [] []
[2019-12-18 09:36:15] db_update.INFO: Areas were successfully updated, affected 25 rows, deleted 0 rows [] []
[2019-12-18 09:36:21] db_update.INFO: Cities were successfully updated, affected 4160 rows, deleted 0 rows [] []
[2019-12-18 09:36:26] db_update.INFO: Warehouses were successfully updated, affected 5922 rows, deleted 0 rows [] []
[2019-12-18 09:36:27] db_update.INFO: Areas were successfully updated, affected 25 rows, deleted 0 rows [] []
[2019-12-18 09:36:34] db_update.INFO: Cities were successfully updated, affected 4160 rows, deleted 0 rows [] []
[2019-12-18 09:36:39] db_update.INFO: Warehouses were successfully updated, affected 5922 rows, deleted 0 rows [] []
[2019-12-19 09:57:29] db_update.INFO: Areas were successfully updated, affected 50 rows, deleted 0 rows [] []
[2019-12-19 09:57:34] db_update.INFO: Areas were successfully updated, affected 50 rows, deleted 0 rows [] []
[2019-12-19 09:57:34] db_update.INFO: Cities were successfully updated, affected 8321 rows, deleted 0 rows [] []
[2019-12-19 09:57:39] db_update.INFO: Warehouses were successfully updated, affected 11849 rows, deleted 1 rows [] []
[2019-12-19 09:57:40] db_update.INFO: Cities were successfully updated, affected 8322 rows, deleted 0 rows [] []
[2019-12-19 09:57:46] db_update.INFO: Warehouses were successfully updated, affected 11856 rows, deleted 0 rows [] []
[2019-12-19 11:21:52] db_update.INFO: Areas were successfully updated, affected 25 rows, deleted 0 rows [] []
[2019-12-19 11:21:58] db_update.INFO: Cities were successfully updated, affected 4161 rows, deleted 0 rows [] []
[2019-12-19 11:22:05] db_update.INFO: Warehouses were successfully updated, affected 5928 rows, deleted 0 rows [] []
[2019-12-20 11:23:39] db_update.INFO: Areas were successfully updated, affected 50 rows, deleted 0 rows [] []
[2019-12-20 11:23:43] db_update.INFO: Areas were successfully updated, affected 50 rows, deleted 0 rows [] []
[2019-12-20 11:23:47] db_update.INFO: Cities were successfully updated, affected 8333 rows, deleted 0 rows [] []
[2019-12-20 11:23:50] db_update.INFO: Cities were successfully updated, affected 8344 rows, deleted 0 rows [] []
[2019-12-20 11:23:54] db_update.INFO: Warehouses were successfully updated, affected 11869 rows, deleted 0 rows [] []
[2019-12-20 11:23:56] db_update.INFO: Warehouses were successfully updated, affected 11882 rows, deleted 0 rows [] []
[2019-12-21 12:55:01] db_update.INFO: Areas were successfully updated, affected 50 rows, deleted 0 rows [] []
[2019-12-21 12:55:09] db_update.INFO: Cities were successfully updated, affected 8370 rows, deleted 0 rows [] []
[2019-12-21 12:55:17] db_update.INFO: Warehouses were successfully updated, affected 11904 rows, deleted 2 rows [] []
[2019-12-22 20:03:54] db_update.INFO: Areas were successfully updated, affected 50 rows, deleted 0 rows [] []
[2019-12-22 20:04:00] db_update.INFO: Cities were successfully updated, affected 8440 rows, deleted 0 rows [] []
[2019-12-22 20:04:09] db_update.INFO: Warehouses were successfully updated, affected 11974 rows, deleted 0 rows [] []
[2019-12-23 12:17:00] db_update.INFO: Areas were successfully updated, affected 25 rows, deleted 0 rows [] []
[2019-12-23 12:17:06] db_update.INFO: Cities were successfully updated, affected 4260 rows, deleted 0 rows [] []
[2019-12-23 12:17:11] db_update.INFO: Warehouses were successfully updated, affected 6022 rows, deleted 0 rows [] []
[2019-12-23 15:36:10] db_update.INFO: Areas were successfully updated, affected 25 rows, deleted 0 rows [] []
[2019-12-23 15:36:18] db_update.INFO: Cities were successfully updated, affected 4269 rows, deleted 0 rows [] []
[2019-12-23 15:36:29] db_update.INFO: Warehouses were successfully updated, affected 6034 rows, deleted 0 rows [] []
[2019-12-23 15:58:24] db_update.INFO: Areas were successfully updated, affected 25 rows, deleted 0 rows [] []
[2019-12-23 15:58:29] db_update.INFO: Cities were successfully updated, affected 4269 rows, deleted 0 rows [] []
[2019-12-23 15:58:34] db_update.INFO: Warehouses were successfully updated, affected 6034 rows, deleted 0 rows [] []
[2019-12-24 10:21:29] db_update.INFO: Areas were successfully updated, affected 25 rows, deleted 0 rows [] []
[2019-12-24 10:21:36] db_update.INFO: Cities were successfully updated, affected 4269 rows, deleted 0 rows [] []
[2019-12-24 10:21:41] db_update.INFO: Warehouses were successfully updated, affected 6033 rows, deleted 0 rows [] []
[2019-12-24 11:15:25] db_update.INFO: Areas were successfully updated, affected 25 rows, deleted 0 rows [] []
[2019-12-24 11:15:32] db_update.INFO: Cities were successfully updated, affected 4269 rows, deleted 0 rows [] []
[2019-12-24 11:15:38] db_update.INFO: Warehouses were successfully updated, affected 6028 rows, deleted 0 rows [] []
[2019-12-24 11:15:38] db_update.INFO: Areas were successfully updated, affected 25 rows, deleted 0 rows [] []
[2019-12-24 11:15:45] db_update.INFO: Cities were successfully updated, affected 4269 rows, deleted 0 rows [] []
[2019-12-24 11:15:52] db_update.INFO: Warehouses were successfully updated, affected 6028 rows, deleted 0 rows [] []
